Using pre-set license
Built from '2020.3/staging' branch; Version is '2020.3.5f1 (8095aa901b9b) revision 8426922'; Using compiler version '192528614'; Build Type 'Release'
OS: 'Windows 10 Pro; OS build 18363.1440; Version 1909; 64bit' Language: 'ko' Physical Memory: 16270 MB
BatchMode: 1, IsHumanControllingUs: 0, StartBugReporterOnCrash: 0, Is64bit: 1, IsPro: 0

 COMMAND LINE ARGUMENTS:
C:\UnityEditor\2020.3.5f1\Editor\Unity.exe
-adb2
-batchMode
-noUpm
-name
AssetImportWorker0
-projectPath
C:/Users/creep/Desktop/Project/ClickerGame/ClickerGame
-logFile
Logs/AssetImportWorker0.log
-srvPort
49684
Successfully changed project path to: C:/Users/creep/Desktop/Project/ClickerGame/ClickerGame
C:/Users/creep/Desktop/Project/ClickerGame/ClickerGame
Using Asset Import Pipeline V2.
Refreshing native plugins compatible for Editor in 50.59 ms, found 1 plugins.
Preloading 0 native plugins for Editor in 0.00 ms.
Initialize engine version: 2020.3.5f1 (8095aa901b9b)
[Subsystems] Discovering subsystems at path C:/UnityEditor/2020.3.5f1/Editor/Data/Resources/UnitySubsystems
[Subsystems] Discovering subsystems at path C:/Users/creep/Desktop/Project/ClickerGame/ClickerGame/Assets
GfxDevice: creating device client; threaded=0
Direct3D:
    Version:  Direct3D 11.0 [level 11.1]
    Renderer: Intel(R) Iris(R) Pro Graphics 580 (ID=0x193b)
    Vendor:   
    VRAM:     8135 MB
    Driver:   27.20.100.8682
Initialize mono
Mono path[0] = 'C:/UnityEditor/2020.3.5f1/Editor/Data/Managed'
Mono path[1] = 'C:/UnityEditor/2020.3.5f1/Editor/Data/MonoBleedingEdge/lib/mono/unityjit'
Mono config path = 'C:/UnityEditor/2020.3.5f1/Editor/Data/MonoBleedingEdge/etc'
Using monoOptions --debugger-agent=transport=dt_socket,embedding=1,server=y,suspend=n,address=127.0.0.1:56808
Begin MonoManager ReloadAssembly
Registering precompiled unity dll's ...
Register platform support module: C:/UnityEditor/2020.3.5f1/Editor/Data/PlaybackEngines/WindowsStandaloneSupport/UnityEditor.WindowsStandalone.Extensions.dll
Registered in 0.002214 seconds.
Native extension for WindowsStandalone target not found
Refreshing native plugins compatible for Editor in 49.87 ms, found 1 plugins.
Preloading 0 native plugins for Editor in 0.00 ms.
Mono: successfully reloaded assembly
- Completed reload, in  2.335 seconds
Platform modules already initialized, skipping
Registering precompiled user dll's ...
Registered in 0.002410 seconds.
Begin MonoManager ReloadAssembly
Native extension for WindowsStandalone target not found
Refreshing native plugins compatible for Editor in 43.61 ms, found 1 plugins.
Preloading 0 native plugins for Editor in 0.00 ms.
Mono: successfully reloaded assembly
- Completed reload, in  1.243 seconds
Platform modules already initialized, skipping
========================================================================
Worker process is ready to serve import requests
Launched and connected shader compiler UnityShaderCompiler.exe after 0.07 seconds
Refreshing native plugins compatible for Editor in 0.39 ms, found 1 plugins.
Preloading 0 native plugins for Editor in 0.00 ms.
Unloading 1863 Unused Serialized files (Serialized files now loaded: 0)
System memory in use before: 90.7 MB.
System memory in use after: 90.8 MB.

Unloading 21 unused Assets to reduce memory usage. Loaded Objects now: 2314.
Total: 2.114300 ms (FindLiveObjects: 0.190500 ms CreateObjectMapping: 0.089600 ms MarkObjects: 1.762300 ms  DeleteObjects: 0.070900 ms)

========================================================================
Received Import Request.
  path: Assets/Resources/Prefab/Card.prefab
  artifactKey: Guid(4997c8fcbb7a6ff48bdc4f4ad868b3fe) Importer(815301076,1909f56bfc062723c751e8b465ee728b)
Start importing Assets/Resources/Prefab/Card.prefab using Guid(4997c8fcbb7a6ff48bdc4f4ad868b3fe) Importer(815301076,1909f56bfc062723c751e8b465ee728b)  -> (artifact id: 'ee85502631c50a9214b1c7dcf9c6f390') in 0.601386 seconds
  Import took 0.607222 seconds .

========================================================================
Received Import Request.
  Time since last request: 2.337797 seconds.
  path: Assets/Resources/Prefab/Card.prefab
  artifactKey: Guid(4997c8fcbb7a6ff48bdc4f4ad868b3fe) Importer(815301076,1909f56bfc062723c751e8b465ee728b)
Start importing Assets/Resources/Prefab/Card.prefab using Guid(4997c8fcbb7a6ff48bdc4f4ad868b3fe) Importer(815301076,1909f56bfc062723c751e8b465ee728b)  -> (artifact id: '05b0561ef50a966d706cf75a3227a0ba') in 0.504421 seconds
  Import took 0.509636 seconds .

========================================================================
Received Import Request.
  Time since last request: 5.790030 seconds.
  path: Assets/Resources/Prefab/Card.prefab
  artifactKey: Guid(4997c8fcbb7a6ff48bdc4f4ad868b3fe) Importer(815301076,1909f56bfc062723c751e8b465ee728b)
Start importing Assets/Resources/Prefab/Card.prefab using Guid(4997c8fcbb7a6ff48bdc4f4ad868b3fe) Importer(815301076,1909f56bfc062723c751e8b465ee728b)  -> (artifact id: '580001ad6f1eebb1669d02ad14e56757') in 0.423148 seconds
  Import took 0.429527 seconds .

========================================================================
Received Import Request.
  Time since last request: 3.774083 seconds.
  path: Assets/Resources/Prefab/Card.prefab
  artifactKey: Guid(4997c8fcbb7a6ff48bdc4f4ad868b3fe) Importer(815301076,1909f56bfc062723c751e8b465ee728b)
Start importing Assets/Resources/Prefab/Card.prefab using Guid(4997c8fcbb7a6ff48bdc4f4ad868b3fe) Importer(815301076,1909f56bfc062723c751e8b465ee728b)  -> (artifact id: '17ff6fe5a154f4e18aea7f701f5878c6') in 0.501492 seconds
  Import took 0.508670 seconds .

========================================================================
Received Import Request.
  Time since last request: 3.404855 seconds.
  path: Assets/Resources/Prefab/Card.prefab
  artifactKey: Guid(4997c8fcbb7a6ff48bdc4f4ad868b3fe) Importer(815301076,1909f56bfc062723c751e8b465ee728b)
Start importing Assets/Resources/Prefab/Card.prefab using Guid(4997c8fcbb7a6ff48bdc4f4ad868b3fe) Importer(815301076,1909f56bfc062723c751e8b465ee728b)  -> (artifact id: 'f86bac8cd1b09e0a324c548308fb2c65') in 0.501349 seconds
  Import took 0.508279 seconds .

========================================================================
Received Import Request.
  Time since last request: 26.842024 seconds.
  path: Assets/Resources/Prefab/Card.prefab
  artifactKey: Guid(4997c8fcbb7a6ff48bdc4f4ad868b3fe) Importer(815301076,1909f56bfc062723c751e8b465ee728b)
Start importing Assets/Resources/Prefab/Card.prefab using Guid(4997c8fcbb7a6ff48bdc4f4ad868b3fe) Importer(815301076,1909f56bfc062723c751e8b465ee728b)  -> (artifact id: 'bfb02601830456109174ca40498247ca') in 0.472689 seconds
  Import took 0.482120 seconds .

========================================================================
Received Import Request.
  Time since last request: 2.353657 seconds.
  path: Assets/Resources/Prefab/Card.prefab
  artifactKey: Guid(4997c8fcbb7a6ff48bdc4f4ad868b3fe) Importer(815301076,1909f56bfc062723c751e8b465ee728b)
Start importing Assets/Resources/Prefab/Card.prefab using Guid(4997c8fcbb7a6ff48bdc4f4ad868b3fe) Importer(815301076,1909f56bfc062723c751e8b465ee728b)  -> (artifact id: '722592721c97ceb2231be1708fada14d') in 0.539989 seconds
  Import took 0.548554 seconds .

========================================================================
Received Import Request.
  Time since last request: 8.609345 seconds.
  path: Assets/Resources/Prefab/Card.prefab
  artifactKey: Guid(4997c8fcbb7a6ff48bdc4f4ad868b3fe) Importer(815301076,1909f56bfc062723c751e8b465ee728b)
Start importing Assets/Resources/Prefab/Card.prefab using Guid(4997c8fcbb7a6ff48bdc4f4ad868b3fe) Importer(815301076,1909f56bfc062723c751e8b465ee728b)  -> (artifact id: '4ec9a11590aaab2325c187fb6a2b4e83') in 0.423517 seconds
  Import took 0.430335 seconds .

========================================================================
Received Import Request.
  Time since last request: 7.461277 seconds.
  path: Assets/Resources/Prefab/Card.prefab
  artifactKey: Guid(4997c8fcbb7a6ff48bdc4f4ad868b3fe) Importer(815301076,1909f56bfc062723c751e8b465ee728b)
Start importing Assets/Resources/Prefab/Card.prefab using Guid(4997c8fcbb7a6ff48bdc4f4ad868b3fe) Importer(815301076,1909f56bfc062723c751e8b465ee728b)  -> (artifact id: '2ca97291525982e7f48b713bfbec7b70') in 0.447479 seconds
  Import took 0.454175 seconds .

========================================================================
Received Import Request.
  Time since last request: 17.625488 seconds.
  path: Assets/Resources/Prefab/Card.prefab
  artifactKey: Guid(4997c8fcbb7a6ff48bdc4f4ad868b3fe) Importer(815301076,1909f56bfc062723c751e8b465ee728b)
Start importing Assets/Resources/Prefab/Card.prefab using Guid(4997c8fcbb7a6ff48bdc4f4ad868b3fe) Importer(815301076,1909f56bfc062723c751e8b465ee728b)  -> (artifact id: '5a4bb8d1996580df403c46a40c5c6f20') in 0.419670 seconds
  Import took 0.425565 seconds .

========================================================================
Received Import Request.
  Time since last request: 236.536018 seconds.
  path: Assets/Scripts/Player.cs
  artifactKey: Guid(26b69c923bf6b36479354484124d65f5) Importer(815301076,1909f56bfc062723c751e8b465ee728b)
Start importing Assets/Scripts/Player.cs using Guid(26b69c923bf6b36479354484124d65f5) Importer(815301076,1909f56bfc062723c751e8b465ee728b)  -> (artifact id: '2beb8adee6822673be385783ee3c745e') in 0.030299 seconds
  Import took 0.035319 seconds .

========================================================================
Received Import Request.
  Time since last request: 252.818673 seconds.
  path: Assets/Scripts/Player.cs
  artifactKey: Guid(26b69c923bf6b36479354484124d65f5) Importer(815301076,1909f56bfc062723c751e8b465ee728b)
Start importing Assets/Scripts/Player.cs using Guid(26b69c923bf6b36479354484124d65f5) Importer(815301076,1909f56bfc062723c751e8b465ee728b)  -> (artifact id: 'a9ce7c0bbff164061290a3f8d5588187') in 0.011331 seconds
  Import took 0.018731 seconds .

========================================================================
Received Import Request.
  Time since last request: 15.005081 seconds.
  path: Assets/Resources/CardData.csv
  artifactKey: Guid(81fcd77348f15f046ab388b55f3dcba5) Importer(815301076,1909f56bfc062723c751e8b465ee728b)
Start importing Assets/Resources/CardData.csv using Guid(81fcd77348f15f046ab388b55f3dcba5) Importer(815301076,1909f56bfc062723c751e8b465ee728b)  -> (artifact id: '8462c321e5ebe56db7381336579d63fb') in 0.025776 seconds
  Import took 0.030463 seconds .

========================================================================
Received Import Request.
  Time since last request: 87.962156 seconds.
  path: Assets/Resources/CardData.csv
  artifactKey: Guid(81fcd77348f15f046ab388b55f3dcba5) Importer(815301076,1909f56bfc062723c751e8b465ee728b)
Start importing Assets/Resources/CardData.csv using Guid(81fcd77348f15f046ab388b55f3dcba5) Importer(815301076,1909f56bfc062723c751e8b465ee728b)  -> (artifact id: 'd539b3b9e47f49c1b6b16172df707b30') in 0.005060 seconds
  Import took 0.010874 seconds .

========================================================================
Received Prepare
Registering precompiled user dll's ...
Registered in 0.049261 seconds.
Begin MonoManager ReloadAssembly
Native extension for WindowsStandalone target not found
Refreshing native plugins compatible for Editor in 0.41 ms, found 1 plugins.
Preloading 0 native plugins for Editor in 0.00 ms.
Mono: successfully reloaded assembly
- Completed reload, in  1.031 seconds
Platform modules already initialized, skipping
Switching build target platform(5) subTarget(0) extendedPlatform(0) -> platform(13) subTarget(537395200) extendedPlatform(0)
Refreshing native plugins compatible for Editor in 0.41 ms, found 1 plugins.
Preloading 0 native plugins for Editor in 0.00 ms.
Unloading 1844 Unused Serialized files (Serialized files now loaded: 0)
System memory in use before: 88.9 MB.
System memory in use after: 89.0 MB.

Unloading 10 unused Assets to reduce memory usage. Loaded Objects now: 2319.
Total: 6.076500 ms (FindLiveObjects: 0.450100 ms CreateObjectMapping: 0.232700 ms MarkObjects: 5.337800 ms  DeleteObjects: 0.052700 ms)

AssetImportParameters requested are different than current active one (requested -> active):
  custom:graphics/normal-map-encoding: 01000000000000000000000000000000 -> 02000000000000000000000000000000
========================================================================
Received Import Request.
  Time since last request: 104.115719 seconds.
  path: Assets/Resources/Sprite/Card/관통샷.png
  artifactKey: Guid(df937d3a2bc906c488daab9a1f0c06a0) Importer(815301076,1909f56bfc062723c751e8b465ee728b)
Start importing Assets/Resources/Sprite/Card/관통샷.png using Guid(df937d3a2bc906c488daab9a1f0c06a0) Importer(815301076,1909f56bfc062723c751e8b465ee728b)  -> (artifact id: '2fe7809aacc80bd4a15123d77dc20c76') in 0.221667 seconds
  Import took 0.228035 seconds .

========================================================================
Received Import Request.
  Time since last request: 29.865975 seconds.
  path: Assets/Resources/Prefab/Card.prefab
  artifactKey: Guid(4997c8fcbb7a6ff48bdc4f4ad868b3fe) Importer(815301076,1909f56bfc062723c751e8b465ee728b)
Start importing Assets/Resources/Prefab/Card.prefab using Guid(4997c8fcbb7a6ff48bdc4f4ad868b3fe) Importer(815301076,1909f56bfc062723c751e8b465ee728b)  -> (artifact id: '6dde9b5b0f41c8e6b7c02bc5d4346fe0') in 0.487621 seconds
  Import took 0.495445 seconds .

========================================================================
Received Import Request.
  Time since last request: 20.091575 seconds.
  path: Assets/Resources/Prefab/Card.prefab
  artifactKey: Guid(4997c8fcbb7a6ff48bdc4f4ad868b3fe) Importer(815301076,1909f56bfc062723c751e8b465ee728b)
Start importing Assets/Resources/Prefab/Card.prefab using Guid(4997c8fcbb7a6ff48bdc4f4ad868b3fe) Importer(815301076,1909f56bfc062723c751e8b465ee728b)  -> (artifact id: 'caf351da9bf758f014415c0371e33819') in 0.498410 seconds
  Import took 0.505775 seconds .

========================================================================
Received Prepare
Registering precompiled user dll's ...
Registered in 0.002651 seconds.
Begin MonoManager ReloadAssembly
Native extension for WindowsStandalone target not found
Refreshing native plugins compatible for Editor in 0.63 ms, found 1 plugins.
Preloading 0 native plugins for Editor in 0.00 ms.
Mono: successfully reloaded assembly
- Completed reload, in  1.324 seconds
Platform modules already initialized, skipping
Switching build target platform(5) subTarget(0) extendedPlatform(0) -> platform(13) subTarget(537395200) extendedPlatform(0)
Refreshing native plugins compatible for Editor in 0.51 ms, found 1 plugins.
Preloading 0 native plugins for Editor in 0.00 ms.
Unloading 1844 Unused Serialized files (Serialized files now loaded: 0)
System memory in use before: 92.0 MB.
System memory in use after: 92.2 MB.

Unloading 10 unused Assets to reduce memory usage. Loaded Objects now: 2328.
Total: 3.002400 ms (FindLiveObjects: 0.380700 ms CreateObjectMapping: 0.194900 ms MarkObjects: 2.383900 ms  DeleteObjects: 0.041300 ms)

AssetImportParameters requested are different than current active one (requested -> active):
  custom:graphics/normal-map-encoding: 01000000000000000000000000000000 -> 02000000000000000000000000000000
========================================================================
Received Prepare
Registering precompiled user dll's ...
Registered in 0.002791 seconds.
Begin MonoManager ReloadAssembly
Native extension for WindowsStandalone target not found
Refreshing native plugins compatible for Editor in 0.43 ms, found 1 plugins.
Preloading 0 native plugins for Editor in 0.00 ms.
Mono: successfully reloaded assembly
- Completed reload, in  1.167 seconds
Platform modules already initialized, skipping
Switching build target platform(5) subTarget(0) extendedPlatform(0) -> platform(13) subTarget(537395200) extendedPlatform(0)
Refreshing native plugins compatible for Editor in 0.49 ms, found 1 plugins.
Preloading 0 native plugins for Editor in 0.00 ms.
Unloading 1844 Unused Serialized files (Serialized files now loaded: 0)
System memory in use before: 92.1 MB.
System memory in use after: 92.2 MB.

Unloading 10 unused Assets to reduce memory usage. Loaded Objects now: 2331.
Total: 2.415700 ms (FindLiveObjects: 0.207300 ms CreateObjectMapping: 0.060400 ms MarkObjects: 2.131300 ms  DeleteObjects: 0.015800 ms)

AssetImportParameters requested are different than current active one (requested -> active):
  custom:graphics/normal-map-encoding: 01000000000000000000000000000000 -> 02000000000000000000000000000000
========================================================================
Received Prepare
Registering precompiled user dll's ...
Registered in 0.002213 seconds.
Begin MonoManager ReloadAssembly
Native extension for WindowsStandalone target not found
Refreshing native plugins compatible for Editor in 0.47 ms, found 1 plugins.
Preloading 0 native plugins for Editor in 0.00 ms.
Mono: successfully reloaded assembly
- Completed reload, in  1.280 seconds
Platform modules already initialized, skipping
Switching build target platform(5) subTarget(0) extendedPlatform(0) -> platform(13) subTarget(537395200) extendedPlatform(0)
Refreshing native plugins compatible for Editor in 0.38 ms, found 1 plugins.
Preloading 0 native plugins for Editor in 0.00 ms.
Unloading 1844 Unused Serialized files (Serialized files now loaded: 0)
System memory in use before: 92.1 MB.
System memory in use after: 92.2 MB.

Unloading 10 unused Assets to reduce memory usage. Loaded Objects now: 2334.
Total: 2.620600 ms (FindLiveObjects: 0.206300 ms CreateObjectMapping: 0.062400 ms MarkObjects: 2.315900 ms  DeleteObjects: 0.017100 ms)

AssetImportParameters requested are different than current active one (requested -> active):
  custom:graphics/normal-map-encoding: 01000000000000000000000000000000 -> 02000000000000000000000000000000
========================================================================
Received Prepare
Registering precompiled user dll's ...
Registered in 0.002435 seconds.
Begin MonoManager ReloadAssembly
Native extension for WindowsStandalone target not found
Refreshing native plugins compatible for Editor in 0.41 ms, found 1 plugins.
Preloading 0 native plugins for Editor in 0.00 ms.
Mono: successfully reloaded assembly
- Completed reload, in  1.236 seconds
Platform modules already initialized, skipping
Switching build target platform(5) subTarget(0) extendedPlatform(0) -> platform(13) subTarget(537395200) extendedPlatform(0)
Refreshing native plugins compatible for Editor in 0.60 ms, found 1 plugins.
Preloading 0 native plugins for Editor in 0.00 ms.
Unloading 1844 Unused Serialized files (Serialized files now loaded: 0)
System memory in use before: 92.1 MB.
System memory in use after: 92.2 MB.

Unloading 10 unused Assets to reduce memory usage. Loaded Objects now: 2337.
Total: 2.474300 ms (FindLiveObjects: 0.202700 ms CreateObjectMapping: 0.063000 ms MarkObjects: 2.191500 ms  DeleteObjects: 0.016000 ms)

AssetImportParameters requested are different than current active one (requested -> active):
  custom:graphics/normal-map-encoding: 01000000000000000000000000000000 -> 02000000000000000000000000000000
========================================================================
Received Prepare
Registering precompiled user dll's ...
Registered in 0.003544 seconds.
Begin MonoManager ReloadAssembly
Native extension for WindowsStandalone target not found
Refreshing native plugins compatible for Editor in 0.60 ms, found 1 plugins.
Preloading 0 native plugins for Editor in 0.00 ms.
Mono: successfully reloaded assembly
- Completed reload, in  1.224 seconds
Platform modules already initialized, skipping
Switching build target platform(5) subTarget(0) extendedPlatform(0) -> platform(13) subTarget(537395200) extendedPlatform(0)
Refreshing native plugins compatible for Editor in 0.77 ms, found 1 plugins.
Preloading 0 native plugins for Editor in 0.00 ms.
Unloading 1844 Unused Serialized files (Serialized files now loaded: 0)
System memory in use before: 92.1 MB.
System memory in use after: 92.2 MB.

Unloading 10 unused Assets to reduce memory usage. Loaded Objects now: 2340.
Total: 2.435300 ms (FindLiveObjects: 0.209900 ms CreateObjectMapping: 0.067900 ms MarkObjects: 2.140900 ms  DeleteObjects: 0.015700 ms)

AssetImportParameters requested are different than current active one (requested -> active):
  custom:graphics/normal-map-encoding: 01000000000000000000000000000000 -> 02000000000000000000000000000000
========================================================================
Received Import Request.
  Time since last request: 3141.726295 seconds.
  path: Assets/Scripts/Skill.cs
  artifactKey: Guid(c504473dd04a32742b3deac74b668a50) Importer(815301076,1909f56bfc062723c751e8b465ee728b)
Start importing Assets/Scripts/Skill.cs using Guid(c504473dd04a32742b3deac74b668a50) Importer(815301076,1909f56bfc062723c751e8b465ee728b)  -> (artifact id: '08e086bfe5f848e02ee9160dfcb557dc') in 0.016429 seconds
  Import took 0.023587 seconds .

========================================================================
Received Prepare
Registering precompiled user dll's ...
Registered in 0.004629 seconds.
Begin MonoManager ReloadAssembly
Native extension for WindowsStandalone target not found
Refreshing native plugins compatible for Editor in 0.41 ms, found 1 plugins.
Preloading 0 native plugins for Editor in 0.00 ms.
Mono: successfully reloaded assembly
- Completed reload, in  1.101 seconds
Platform modules already initialized, skipping
Switching build target platform(5) subTarget(0) extendedPlatform(0) -> platform(13) subTarget(537395200) extendedPlatform(0)
Refreshing native plugins compatible for Editor in 0.43 ms, found 1 plugins.
Preloading 0 native plugins for Editor in 0.00 ms.
Unloading 1845 Unused Serialized files (Serialized files now loaded: 0)
System memory in use before: 92.1 MB.
System memory in use after: 92.2 MB.

Unloading 10 unused Assets to reduce memory usage. Loaded Objects now: 2344.
Total: 2.701300 ms (FindLiveObjects: 0.266500 ms CreateObjectMapping: 0.172700 ms MarkObjects: 2.210400 ms  DeleteObjects: 0.050500 ms)

AssetImportParameters requested are different than current active one (requested -> active):
  custom:graphics/normal-map-encoding: 01000000000000000000000000000000 -> 02000000000000000000000000000000
========================================================================
Received Import Request.
  Time since last request: 668.144915 seconds.
  path: Assets/Scripts/Skill.cs
  artifactKey: Guid(c504473dd04a32742b3deac74b668a50) Importer(815301076,1909f56bfc062723c751e8b465ee728b)
Start importing Assets/Scripts/Skill.cs using Guid(c504473dd04a32742b3deac74b668a50) Importer(815301076,1909f56bfc062723c751e8b465ee728b)  -> (artifact id: '985a00421290798327a9ed95a7abda35') in 0.009308 seconds
  Import took 0.013724 seconds .

========================================================================
Received Import Request.
  Time since last request: 23.450719 seconds.
  path: Assets/Resources/Prefab/BossBullet.prefab
  artifactKey: Guid(4b0442625a22cb04484ae7df6d700ede) Importer(815301076,1909f56bfc062723c751e8b465ee728b)
Start importing Assets/Resources/Prefab/BossBullet.prefab using Guid(4b0442625a22cb04484ae7df6d700ede) Importer(815301076,1909f56bfc062723c751e8b465ee728b)  -> (artifact id: 'ec5308c67e6b066b0c7da72e00f7a19c') in 0.107551 seconds
  Import took 0.114168 seconds .

========================================================================
Received Import Request.
  Time since last request: 6.104205 seconds.
  path: Assets/Resources/Prefab/SkillBullet.prefab
  artifactKey: Guid(4b0442625a22cb04484ae7df6d700ede) Importer(815301076,1909f56bfc062723c751e8b465ee728b)
Start importing Assets/Resources/Prefab/SkillBullet.prefab using Guid(4b0442625a22cb04484ae7df6d700ede) Importer(815301076,1909f56bfc062723c751e8b465ee728b)  -> (artifact id: 'c4439a44705a8b7848fae8c7c0c51663') in 0.030034 seconds
  Import took 0.037173 seconds .

========================================================================
Received Import Request.
  Time since last request: 8.010389 seconds.
  path: Assets/Resources/Prefab/SkillBullet.prefab
  artifactKey: Guid(4b0442625a22cb04484ae7df6d700ede) Importer(815301076,1909f56bfc062723c751e8b465ee728b)
Start importing Assets/Resources/Prefab/SkillBullet.prefab using Guid(4b0442625a22cb04484ae7df6d700ede) Importer(815301076,1909f56bfc062723c751e8b465ee728b)  -> (artifact id: 'afdccaa163f2f2b711f2f18791dadf79') in 0.020681 seconds
  Import took 0.026497 seconds .

========================================================================
Received Prepare
Registering precompiled user dll's ...
Registered in 0.002527 seconds.
Begin MonoManager ReloadAssembly
Native extension for WindowsStandalone target not found
Refreshing native plugins compatible for Editor in 0.45 ms, found 1 plugins.
Preloading 0 native plugins for Editor in 0.00 ms.
Mono: successfully reloaded assembly
- Completed reload, in  1.262 seconds
Platform modules already initialized, skipping
Switching build target platform(5) subTarget(0) extendedPlatform(0) -> platform(13) subTarget(537395200) extendedPlatform(0)
Refreshing native plugins compatible for Editor in 0.37 ms, found 1 plugins.
Preloading 0 native plugins for Editor in 0.00 ms.
Unloading 1845 Unused Serialized files (Serialized files now loaded: 0)
System memory in use before: 92.2 MB.
System memory in use after: 92.3 MB.

Unloading 10 unused Assets to reduce memory usage. Loaded Objects now: 2351.
Total: 2.378500 ms (FindLiveObjects: 0.187900 ms CreateObjectMapping: 0.062200 ms MarkObjects: 2.110500 ms  DeleteObjects: 0.016800 ms)

AssetImportParameters requested are different than current active one (requested -> active):
  custom:graphics/normal-map-encoding: 01000000000000000000000000000000 -> 02000000000000000000000000000000
========================================================================
Received Prepare
Registering precompiled user dll's ...
Registered in 0.002514 seconds.
Begin MonoManager ReloadAssembly
Native extension for WindowsStandalone target not found
Refreshing native plugins compatible for Editor in 1.27 ms, found 1 plugins.
Preloading 0 native plugins for Editor in 0.00 ms.
Mono: successfully reloaded assembly
- Completed reload, in  1.212 seconds
Platform modules already initialized, skipping
Switching build target platform(5) subTarget(0) extendedPlatform(0) -> platform(13) subTarget(537395200) extendedPlatform(0)
Refreshing native plugins compatible for Editor in 0.46 ms, found 1 plugins.
Preloading 0 native plugins for Editor in 0.00 ms.
Unloading 1845 Unused Serialized files (Serialized files now loaded: 0)
System memory in use before: 92.2 MB.
System memory in use after: 92.3 MB.

Unloading 10 unused Assets to reduce memory usage. Loaded Objects now: 2354.
Total: 2.408700 ms (FindLiveObjects: 0.205700 ms CreateObjectMapping: 0.069200 ms MarkObjects: 2.095800 ms  DeleteObjects: 0.037000 ms)

AssetImportParameters requested are different than current active one (requested -> active):
  custom:graphics/normal-map-encoding: 01000000000000000000000000000000 -> 02000000000000000000000000000000
========================================================================
Received Prepare
Registering precompiled user dll's ...
Registered in 0.002541 seconds.
Begin MonoManager ReloadAssembly
Native extension for WindowsStandalone target not found
Refreshing native plugins compatible for Editor in 0.51 ms, found 1 plugins.
Preloading 0 native plugins for Editor in 0.00 ms.
Mono: successfully reloaded assembly
- Completed reload, in  1.177 seconds
Platform modules already initialized, skipping
Switching build target platform(5) subTarget(0) extendedPlatform(0) -> platform(13) subTarget(537395200) extendedPlatform(0)
Refreshing native plugins compatible for Editor in 0.45 ms, found 1 plugins.
Preloading 0 native plugins for Editor in 0.00 ms.
Unloading 1845 Unused Serialized files (Serialized files now loaded: 0)
System memory in use before: 92.2 MB.
System memory in use after: 92.3 MB.

Unloading 10 unused Assets to reduce memory usage. Loaded Objects now: 2357.
Total: 2.169100 ms (FindLiveObjects: 0.197700 ms CreateObjectMapping: 0.068800 ms MarkObjects: 1.885500 ms  DeleteObjects: 0.015900 ms)

AssetImportParameters requested are different than current active one (requested -> active):
  custom:graphics/normal-map-encoding: 01000000000000000000000000000000 -> 02000000000000000000000000000000
========================================================================
Received Prepare
Registering precompiled user dll's ...
Registered in 0.002208 seconds.
Begin MonoManager ReloadAssembly
Native extension for WindowsStandalone target not found
Refreshing native plugins compatible for Editor in 0.40 ms, found 1 plugins.
Preloading 0 native plugins for Editor in 0.00 ms.
Mono: successfully reloaded assembly
- Completed reload, in  1.245 seconds
Platform modules already initialized, skipping
Switching build target platform(5) subTarget(0) extendedPlatform(0) -> platform(13) subTarget(537395200) extendedPlatform(0)
Refreshing native plugins compatible for Editor in 0.36 ms, found 1 plugins.
Preloading 0 native plugins for Editor in 0.00 ms.
Unloading 1845 Unused Serialized files (Serialized files now loaded: 0)
System memory in use before: 92.2 MB.
System memory in use after: 92.3 MB.

Unloading 10 unused Assets to reduce memory usage. Loaded Objects now: 2360.
Total: 2.191300 ms (FindLiveObjects: 0.209000 ms CreateObjectMapping: 0.063200 ms MarkObjects: 1.882600 ms  DeleteObjects: 0.035500 ms)

AssetImportParameters requested are different than current active one (requested -> active):
  custom:graphics/normal-map-encoding: 01000000000000000000000000000000 -> 02000000000000000000000000000000
========================================================================
Received Prepare
Registering precompiled user dll's ...
Registered in 0.002740 seconds.
Begin MonoManager ReloadAssembly
Native extension for WindowsStandalone target not found
Refreshing native plugins compatible for Editor in 0.53 ms, found 1 plugins.
Preloading 0 native plugins for Editor in 0.00 ms.
Mono: successfully reloaded assembly
- Completed reload, in  1.255 seconds
Platform modules already initialized, skipping
Switching build target platform(5) subTarget(0) extendedPlatform(0) -> platform(13) subTarget(537395200) extendedPlatform(0)
Refreshing native plugins compatible for Editor in 0.83 ms, found 1 plugins.
Preloading 0 native plugins for Editor in 0.00 ms.
Unloading 1845 Unused Serialized files (Serialized files now loaded: 0)
System memory in use before: 92.2 MB.
System memory in use after: 92.3 MB.

Unloading 10 unused Assets to reduce memory usage. Loaded Objects now: 2363.
Total: 2.529100 ms (FindLiveObjects: 0.215400 ms CreateObjectMapping: 0.118100 ms MarkObjects: 2.154600 ms  DeleteObjects: 0.039700 ms)

AssetImportParameters requested are different than current active one (requested -> active):
  custom:graphics/normal-map-encoding: 01000000000000000000000000000000 -> 02000000000000000000000000000000
========================================================================
Received Prepare
Registering precompiled user dll's ...
Registered in 0.002548 seconds.
Begin MonoManager ReloadAssembly
Native extension for WindowsStandalone target not found
Refreshing native plugins compatible for Editor in 0.40 ms, found 1 plugins.
Preloading 0 native plugins for Editor in 0.00 ms.
Mono: successfully reloaded assembly
- Completed reload, in  1.172 seconds
Platform modules already initialized, skipping
Switching build target platform(5) subTarget(0) extendedPlatform(0) -> platform(13) subTarget(537395200) extendedPlatform(0)
Refreshing native plugins compatible for Editor in 0.49 ms, found 1 plugins.
Preloading 0 native plugins for Editor in 0.00 ms.
Unloading 1845 Unused Serialized files (Serialized files now loaded: 0)
System memory in use before: 92.2 MB.
System memory in use after: 92.3 MB.

Unloading 10 unused Assets to reduce memory usage. Loaded Objects now: 2366.
Total: 2.471400 ms (FindLiveObjects: 0.175900 ms CreateObjectMapping: 0.072300 ms MarkObjects: 2.204500 ms  DeleteObjects: 0.017900 ms)

AssetImportParameters requested are different than current active one (requested -> active):
  custom:graphics/normal-map-encoding: 01000000000000000000000000000000 -> 02000000000000000000000000000000
========================================================================
Received Prepare
Registering precompiled user dll's ...
Registered in 0.002569 seconds.
Begin MonoManager ReloadAssembly
Native extension for WindowsStandalone target not found
Refreshing native plugins compatible for Editor in 0.77 ms, found 1 plugins.
Preloading 0 native plugins for Editor in 0.00 ms.
Mono: successfully reloaded assembly
- Completed reload, in  1.385 seconds
Platform modules already initialized, skipping
Switching build target platform(5) subTarget(0) extendedPlatform(0) -> platform(13) subTarget(537395200) extendedPlatform(0)
Refreshing native plugins compatible for Editor in 0.54 ms, found 1 plugins.
Preloading 0 native plugins for Editor in 0.00 ms.
Unloading 1845 Unused Serialized files (Serialized files now loaded: 0)
System memory in use before: 92.2 MB.
System memory in use after: 92.3 MB.

Unloading 10 unused Assets to reduce memory usage. Loaded Objects now: 2369.
Total: 3.232900 ms (FindLiveObjects: 0.319000 ms CreateObjectMapping: 0.124300 ms MarkObjects: 2.626200 ms  DeleteObjects: 0.161900 ms)

AssetImportParameters requested are different than current active one (requested -> active):
  custom:graphics/normal-map-encoding: 01000000000000000000000000000000 -> 02000000000000000000000000000000
========================================================================
Received Import Request.
  Time since last request: 664.734386 seconds.
  path: Assets/Resources/Prefab/Bullet.prefab
  artifactKey: Guid(46f9d14c95ad007478b4c0641e1c889f) Importer(815301076,1909f56bfc062723c751e8b465ee728b)
Start importing Assets/Resources/Prefab/Bullet.prefab using Guid(46f9d14c95ad007478b4c0641e1c889f) Importer(815301076,1909f56bfc062723c751e8b465ee728b)  -> (artifact id: 'd0c2582c6ff7cd3e2f7de356836a0dfb') in 0.069772 seconds
  Import took 0.075157 seconds .

========================================================================
Received Import Request.
  Time since last request: 0.000387 seconds.
  path: Assets/Resources/Prefab/SkillBullet.prefab
  artifactKey: Guid(4b0442625a22cb04484ae7df6d700ede) Importer(815301076,1909f56bfc062723c751e8b465ee728b)
Start importing Assets/Resources/Prefab/SkillBullet.prefab using Guid(4b0442625a22cb04484ae7df6d700ede) Importer(815301076,1909f56bfc062723c751e8b465ee728b)  -> (artifact id: 'ed8bc657104373e077c77e18d86c5d4a') in 0.029405 seconds
  Import took 0.035706 seconds .

========================================================================
Received Import Request.
  Time since last request: 0.005697 seconds.
  path: Assets/Resources/Prefab/SkillBullet.prefab
  artifactKey: Guid(4b0442625a22cb04484ae7df6d700ede) Importer(815301076,1909f56bfc062723c751e8b465ee728b)
Start importing Assets/Resources/Prefab/SkillBullet.prefab using Guid(4b0442625a22cb04484ae7df6d700ede) Importer(815301076,1909f56bfc062723c751e8b465ee728b)  -> (artifact id: 'ed8bc657104373e077c77e18d86c5d4a') in 0.022124 seconds
  Import took 0.029693 seconds .

========================================================================
Received Import Request.
  Time since last request: 5.813674 seconds.
  path: Assets/Resources/Prefab/SkillBullet.prefab
  artifactKey: Guid(4b0442625a22cb04484ae7df6d700ede) Importer(815301076,1909f56bfc062723c751e8b465ee728b)
Start importing Assets/Resources/Prefab/SkillBullet.prefab using Guid(4b0442625a22cb04484ae7df6d700ede) Importer(815301076,1909f56bfc062723c751e8b465ee728b)  -> (artifact id: 'bfcbb47074c6243ffac3ff5683b1f662') in 0.022769 seconds
  Import took 0.029174 seconds .

========================================================================
Received Prepare
Registering precompiled user dll's ...
Registered in 0.002339 seconds.
Begin MonoManager ReloadAssembly
Native extension for WindowsStandalone target not found
Refreshing native plugins compatible for Editor in 0.41 ms, found 1 plugins.
Preloading 0 native plugins for Editor in 0.00 ms.
Mono: successfully reloaded assembly
- Completed reload, in  1.367 seconds
Platform modules already initialized, skipping
Switching build target platform(5) subTarget(0) extendedPlatform(0) -> platform(13) subTarget(537395200) extendedPlatform(0)
Refreshing native plugins compatible for Editor in 0.36 ms, found 1 plugins.
Preloading 0 native plugins for Editor in 0.00 ms.
Unloading 1845 Unused Serialized files (Serialized files now loaded: 0)
System memory in use before: 92.3 MB.
System memory in use after: 92.4 MB.

Unloading 10 unused Assets to reduce memory usage. Loaded Objects now: 2373.
Total: 2.253400 ms (FindLiveObjects: 0.173200 ms CreateObjectMapping: 0.068500 ms MarkObjects: 1.994900 ms  DeleteObjects: 0.016200 ms)

AssetImportParameters requested are different than current active one (requested -> active):
  custom:graphics/normal-map-encoding: 01000000000000000000000000000000 -> 02000000000000000000000000000000
========================================================================
Received Prepare
Registering precompiled user dll's ...
Registered in 0.003944 seconds.
Begin MonoManager ReloadAssembly
Native extension for WindowsStandalone target not found
Refreshing native plugins compatible for Editor in 0.64 ms, found 1 plugins.
Preloading 0 native plugins for Editor in 0.00 ms.
Mono: successfully reloaded assembly
- Completed reload, in  1.458 seconds
Platform modules already initialized, skipping
Switching build target platform(5) subTarget(0) extendedPlatform(0) -> platform(13) subTarget(537395200) extendedPlatform(0)
Refreshing native plugins compatible for Editor in 0.41 ms, found 1 plugins.
Preloading 0 native plugins for Editor in 0.00 ms.
Unloading 1845 Unused Serialized files (Serialized files now loaded: 0)
System memory in use before: 92.3 MB.
System memory in use after: 92.4 MB.

Unloading 10 unused Assets to reduce memory usage. Loaded Objects now: 2376.
Total: 2.327800 ms (FindLiveObjects: 0.193200 ms CreateObjectMapping: 0.067900 ms MarkObjects: 2.028400 ms  DeleteObjects: 0.037300 ms)

AssetImportParameters requested are different than current active one (requested -> active):
  custom:graphics/normal-map-encoding: 01000000000000000000000000000000 -> 02000000000000000000000000000000
========================================================================
Received Prepare
Registering precompiled user dll's ...
Registered in 0.002557 seconds.
Begin MonoManager ReloadAssembly
Native extension for WindowsStandalone target not found
Refreshing native plugins compatible for Editor in 0.39 ms, found 1 plugins.
Preloading 0 native plugins for Editor in 0.00 ms.
Mono: successfully reloaded assembly
- Completed reload, in  1.319 seconds
Platform modules already initialized, skipping
Switching build target platform(5) subTarget(0) extendedPlatform(0) -> platform(13) subTarget(537395200) extendedPlatform(0)
Refreshing native plugins compatible for Editor in 1.69 ms, found 1 plugins.
Preloading 0 native plugins for Editor in 0.00 ms.
Unloading 1845 Unused Serialized files (Serialized files now loaded: 0)
System memory in use before: 92.3 MB.
System memory in use after: 92.4 MB.

Unloading 10 unused Assets to reduce memory usage. Loaded Objects now: 2379.
Total: 2.794400 ms (FindLiveObjects: 0.235600 ms CreateObjectMapping: 0.095700 ms MarkObjects: 2.443600 ms  DeleteObjects: 0.018300 ms)

AssetImportParameters requested are different than current active one (requested -> active):
  custom:graphics/normal-map-encoding: 01000000000000000000000000000000 -> 02000000000000000000000000000000
========================================================================
Received Prepare
Registering precompiled user dll's ...
Registered in 0.002576 seconds.
Begin MonoManager ReloadAssembly
Native extension for WindowsStandalone target not found
Refreshing native plugins compatible for Editor in 0.45 ms, found 1 plugins.
Preloading 0 native plugins for Editor in 0.00 ms.
Mono: successfully reloaded assembly
- Completed reload, in  1.236 seconds
Platform modules already initialized, skipping
Switching build target platform(5) subTarget(0) extendedPlatform(0) -> platform(13) subTarget(537395200) extendedPlatform(0)
Refreshing native plugins compatible for Editor in 0.40 ms, found 1 plugins.
Preloading 0 native plugins for Editor in 0.00 ms.
Unloading 1845 Unused Serialized files (Serialized files now loaded: 0)
System memory in use before: 92.3 MB.
System memory in use after: 92.4 MB.

Unloading 10 unused Assets to reduce memory usage. Loaded Objects now: 2382.
Total: 2.670800 ms (FindLiveObjects: 0.223600 ms CreateObjectMapping: 0.074200 ms MarkObjects: 2.351300 ms  DeleteObjects: 0.020500 ms)

AssetImportParameters requested are different than current active one (requested -> active):
  custom:graphics/normal-map-encoding: 01000000000000000000000000000000 -> 02000000000000000000000000000000
========================================================================
Received Prepare
Registering precompiled user dll's ...
Registered in 0.002778 seconds.
Begin MonoManager ReloadAssembly
Native extension for WindowsStandalone target not found
Refreshing native plugins compatible for Editor in 0.48 ms, found 1 plugins.
Preloading 0 native plugins for Editor in 0.00 ms.
Mono: successfully reloaded assembly
- Completed reload, in  1.296 seconds
Platform modules already initialized, skipping
Switching build target platform(5) subTarget(0) extendedPlatform(0) -> platform(13) subTarget(537395200) extendedPlatform(0)
Refreshing native plugins compatible for Editor in 0.50 ms, found 1 plugins.
Preloading 0 native plugins for Editor in 0.00 ms.
Unloading 1845 Unused Serialized files (Serialized files now loaded: 0)
System memory in use before: 92.3 MB.
System memory in use after: 92.4 MB.

Unloading 10 unused Assets to reduce memory usage. Loaded Objects now: 2385.
Total: 4.629900 ms (FindLiveObjects: 0.198800 ms CreateObjectMapping: 0.125400 ms MarkObjects: 4.284700 ms  DeleteObjects: 0.019800 ms)

AssetImportParameters requested are different than current active one (requested -> active):
  custom:graphics/normal-map-encoding: 01000000000000000000000000000000 -> 02000000000000000000000000000000
========================================================================
Received Import Request.
  Time since last request: 499.100251 seconds.
  path: Assets/Scripts/SkillBullet.cs
  artifactKey: Guid(1a93d7b3929778f4b817526c18be0c75) Importer(815301076,1909f56bfc062723c751e8b465ee728b)
Start importing Assets/Scripts/SkillBullet.cs using Guid(1a93d7b3929778f4b817526c18be0c75) Importer(815301076,1909f56bfc062723c751e8b465ee728b)  -> (artifact id: '1ab3090dae9b0ae399fecf591684bac4') in 0.009472 seconds
  Import took 0.017244 seconds .

========================================================================
Received Prepare
Registering precompiled user dll's ...
Registered in 0.007613 seconds.
Begin MonoManager ReloadAssembly
Native extension for WindowsStandalone target not found
Refreshing native plugins compatible for Editor in 0.47 ms, found 1 plugins.
Preloading 0 native plugins for Editor in 0.00 ms.
Mono: successfully reloaded assembly
- Completed reload, in  1.682 seconds
Platform modules already initialized, skipping
Switching build target platform(5) subTarget(0) extendedPlatform(0) -> platform(13) subTarget(537395200) extendedPlatform(0)
Refreshing native plugins compatible for Editor in 0.95 ms, found 1 plugins.
Preloading 0 native plugins for Editor in 0.00 ms.
Unloading 1846 Unused Serialized files (Serialized files now loaded: 0)
System memory in use before: 92.3 MB.
System memory in use after: 92.4 MB.

Unloading 10 unused Assets to reduce memory usage. Loaded Objects now: 2389.
Total: 4.959000 ms (FindLiveObjects: 1.380400 ms CreateObjectMapping: 0.458600 ms MarkObjects: 3.101600 ms  DeleteObjects: 0.017200 ms)

AssetImportParameters requested are different than current active one (requested -> active):
  custom:graphics/normal-map-encoding: 01000000000000000000000000000000 -> 02000000000000000000000000000000
========================================================================
Received Import Request.
  Time since last request: 47.696567 seconds.
  path: Assets/Scripts/SkillBullet.cs
  artifactKey: Guid(1a93d7b3929778f4b817526c18be0c75) Importer(815301076,1909f56bfc062723c751e8b465ee728b)
Start importing Assets/Scripts/SkillBullet.cs using Guid(1a93d7b3929778f4b817526c18be0c75) Importer(815301076,1909f56bfc062723c751e8b465ee728b)  -> (artifact id: '91542f91583205bc3d334cb1ea8be340') in 0.007493 seconds
  Import took 0.012607 seconds .

========================================================================
Received Import Request.
  Time since last request: 11.659148 seconds.
  path: Assets/Resources/Prefab/SkillBullet.prefab
  artifactKey: Guid(4b0442625a22cb04484ae7df6d700ede) Importer(815301076,1909f56bfc062723c751e8b465ee728b)
Start importing Assets/Resources/Prefab/SkillBullet.prefab using Guid(4b0442625a22cb04484ae7df6d700ede) Importer(815301076,1909f56bfc062723c751e8b465ee728b)  -> (artifact id: 'ccbbb59935cd9319c9df15955df5460d') in 0.131729 seconds
  Import took 0.138744 seconds .

========================================================================
Received Import Request.
  Time since last request: 11.217344 seconds.
  path: Assets/Resources/Prefab/SkillBullet.prefab
  artifactKey: Guid(4b0442625a22cb04484ae7df6d700ede) Importer(815301076,1909f56bfc062723c751e8b465ee728b)
Start importing Assets/Resources/Prefab/SkillBullet.prefab using Guid(4b0442625a22cb04484ae7df6d700ede) Importer(815301076,1909f56bfc062723c751e8b465ee728b)  -> (artifact id: 'c235e367447581f2ccd8633c564de662') in 0.022989 seconds
  Import took 0.030473 seconds .

========================================================================
Received Import Request.
  Time since last request: 0.003509 seconds.
  path: Assets/Resources/Prefab/SkillBullet.prefab
  artifactKey: Guid(4b0442625a22cb04484ae7df6d700ede) Importer(815301076,1909f56bfc062723c751e8b465ee728b)
Start importing Assets/Resources/Prefab/SkillBullet.prefab using Guid(4b0442625a22cb04484ae7df6d700ede) Importer(815301076,1909f56bfc062723c751e8b465ee728b)  -> (artifact id: 'c235e367447581f2ccd8633c564de662') in 0.027043 seconds
  Import took 0.033970 seconds .

========================================================================
Received Prepare
Registering precompiled user dll's ...
Registered in 0.003225 seconds.
Begin MonoManager ReloadAssembly
Native extension for WindowsStandalone target not found
Refreshing native plugins compatible for Editor in 0.41 ms, found 1 plugins.
Preloading 0 native plugins for Editor in 0.00 ms.
Mono: successfully reloaded assembly
- Completed reload, in  1.469 seconds
Platform modules already initialized, skipping
Switching build target platform(5) subTarget(0) extendedPlatform(0) -> platform(13) subTarget(537395200) extendedPlatform(0)
Refreshing native plugins compatible for Editor in 0.40 ms, found 1 plugins.
Preloading 0 native plugins for Editor in 0.00 ms.
Unloading 1846 Unused Serialized files (Serialized files now loaded: 0)
System memory in use before: 92.3 MB.
System memory in use after: 92.4 MB.

Unloading 10 unused Assets to reduce memory usage. Loaded Objects now: 2393.
Total: 2.505400 ms (FindLiveObjects: 0.210100 ms CreateObjectMapping: 0.083100 ms MarkObjects: 2.191300 ms  DeleteObjects: 0.019500 ms)

AssetImportParameters requested are different than current active one (requested -> active):
  custom:graphics/normal-map-encoding: 01000000000000000000000000000000 -> 02000000000000000000000000000000
========================================================================
Received Import Request.
  Time since last request: 354.774883 seconds.
  path: Assets/Resources/Prefab/SkillBullet.prefab
  artifactKey: Guid(4b0442625a22cb04484ae7df6d700ede) Importer(815301076,1909f56bfc062723c751e8b465ee728b)
Start importing Assets/Resources/Prefab/SkillBullet.prefab using Guid(4b0442625a22cb04484ae7df6d700ede) Importer(815301076,1909f56bfc062723c751e8b465ee728b)  -> (artifact id: '8226cdb912fc2247c905eedd8063e5f9') in 0.246126 seconds
  Import took 0.253517 seconds .

========================================================================
Received Prepare
Registering precompiled user dll's ...
Registered in 0.003344 seconds.
Begin MonoManager ReloadAssembly
Native extension for WindowsStandalone target not found
Refreshing native plugins compatible for Editor in 0.44 ms, found 1 plugins.
Preloading 0 native plugins for Editor in 0.00 ms.
Mono: successfully reloaded assembly
- Completed reload, in  1.407 seconds
Platform modules already initialized, skipping
Switching build target platform(5) subTarget(0) extendedPlatform(0) -> platform(13) subTarget(537395200) extendedPlatform(0)
Refreshing native plugins compatible for Editor in 0.36 ms, found 1 plugins.
Preloading 0 native plugins for Editor in 0.00 ms.
Unloading 1846 Unused Serialized files (Serialized files now loaded: 0)
System memory in use before: 92.3 MB.
System memory in use after: 92.5 MB.

Unloading 10 unused Assets to reduce memory usage. Loaded Objects now: 2397.
Total: 3.183200 ms (FindLiveObjects: 0.213800 ms CreateObjectMapping: 0.078300 ms MarkObjects: 2.868800 ms  DeleteObjects: 0.021000 ms)

AssetImportParameters requested are different than current active one (requested -> active):
  custom:graphics/normal-map-encoding: 01000000000000000000000000000000 -> 02000000000000000000000000000000
========================================================================
Received Prepare
Registering precompiled user dll's ...
Registered in 0.003739 seconds.
Begin MonoManager ReloadAssembly
Native extension for WindowsStandalone target not found
Refreshing native plugins compatible for Editor in 0.56 ms, found 1 plugins.
Preloading 0 native plugins for Editor in 0.00 ms.
Mono: successfully reloaded assembly
- Completed reload, in  1.386 seconds
Platform modules already initialized, skipping
Switching build target platform(5) subTarget(0) extendedPlatform(0) -> platform(13) subTarget(537395200) extendedPlatform(0)
Refreshing native plugins compatible for Editor in 0.34 ms, found 1 plugins.
Preloading 0 native plugins for Editor in 0.00 ms.
Unloading 1846 Unused Serialized files (Serialized files now loaded: 0)
System memory in use before: 92.4 MB.
System memory in use after: 92.5 MB.

Unloading 10 unused Assets to reduce memory usage. Loaded Objects now: 2400.
Total: 2.467100 ms (FindLiveObjects: 0.193600 ms CreateObjectMapping: 0.056700 ms MarkObjects: 2.199600 ms  DeleteObjects: 0.016200 ms)

AssetImportParameters requested are different than current active one (requested -> active):
  custom:graphics/normal-map-encoding: 01000000000000000000000000000000 -> 02000000000000000000000000000000
========================================================================
Received Prepare
Registering precompiled user dll's ...
Registered in 0.002600 seconds.
Begin MonoManager ReloadAssembly
Native extension for WindowsStandalone target not found
Refreshing native plugins compatible for Editor in 0.44 ms, found 1 plugins.
Preloading 0 native plugins for Editor in 0.00 ms.
Mono: successfully reloaded assembly
- Completed reload, in  1.415 seconds
Platform modules already initialized, skipping
Switching build target platform(5) subTarget(0) extendedPlatform(0) -> platform(13) subTarget(537395200) extendedPlatform(0)
Refreshing native plugins compatible for Editor in 0.68 ms, found 1 plugins.
Preloading 0 native plugins for Editor in 0.00 ms.
Unloading 1846 Unused Serialized files (Serialized files now loaded: 0)
System memory in use before: 92.4 MB.
System memory in use after: 92.5 MB.

Unloading 10 unused Assets to reduce memory usage. Loaded Objects now: 2403.
Total: 2.274200 ms (FindLiveObjects: 0.344100 ms CreateObjectMapping: 0.113600 ms MarkObjects: 1.795100 ms  DeleteObjects: 0.019600 ms)

AssetImportParameters requested are different than current active one (requested -> active):
  custom:graphics/normal-map-encoding: 01000000000000000000000000000000 -> 02000000000000000000000000000000
========================================================================
Received Prepare
Registering precompiled user dll's ...
Registered in 0.003351 seconds.
Begin MonoManager ReloadAssembly
Native extension for WindowsStandalone target not found
Refreshing native plugins compatible for Editor in 0.41 ms, found 1 plugins.
Preloading 0 native plugins for Editor in 0.00 ms.
Mono: successfully reloaded assembly
- Completed reload, in  1.443 seconds
Platform modules already initialized, skipping
Switching build target platform(5) subTarget(0) extendedPlatform(0) -> platform(13) subTarget(537395200) extendedPlatform(0)
Refreshing native plugins compatible for Editor in 0.41 ms, found 1 plugins.
Preloading 0 native plugins for Editor in 0.00 ms.
Unloading 1846 Unused Serialized files (Serialized files now loaded: 0)
System memory in use before: 92.4 MB.
System memory in use after: 92.5 MB.

Unloading 10 unused Assets to reduce memory usage. Loaded Objects now: 2406.
Total: 8.141100 ms (FindLiveObjects: 4.351500 ms CreateObjectMapping: 1.443800 ms MarkObjects: 2.304500 ms  DeleteObjects: 0.039800 ms)

AssetImportParameters requested are different than current active one (requested -> active):
  custom:graphics/normal-map-encoding: 01000000000000000000000000000000 -> 02000000000000000000000000000000
========================================================================
Received Prepare
Registering precompiled user dll's ...
Registered in 0.002702 seconds.
Begin MonoManager ReloadAssembly
Native extension for WindowsStandalone target not found
Refreshing native plugins compatible for Editor in 0.59 ms, found 1 plugins.
Preloading 0 native plugins for Editor in 0.00 ms.
Mono: successfully reloaded assembly
- Completed reload, in  1.560 seconds
Platform modules already initialized, skipping
Switching build target platform(5) subTarget(0) extendedPlatform(0) -> platform(13) subTarget(537395200) extendedPlatform(0)
Refreshing native plugins compatible for Editor in 1.40 ms, found 1 plugins.
Preloading 0 native plugins for Editor in 0.00 ms.
Unloading 1846 Unused Serialized files (Serialized files now loaded: 0)
System memory in use before: 92.4 MB.
System memory in use after: 92.5 MB.

Unloading 10 unused Assets to reduce memory usage. Loaded Objects now: 2409.
Total: 5.217500 ms (FindLiveObjects: 1.388900 ms CreateObjectMapping: 0.539600 ms MarkObjects: 3.258200 ms  DeleteObjects: 0.026000 ms)

AssetImportParameters requested are different than current active one (requested -> active):
  custom:graphics/normal-map-encoding: 01000000000000000000000000000000 -> 02000000000000000000000000000000
========================================================================
Received Prepare
Registering precompiled user dll's ...
Registered in 0.003112 seconds.
Begin MonoManager ReloadAssembly
Native extension for WindowsStandalone target not found
Refreshing native plugins compatible for Editor in 0.38 ms, found 1 plugins.
Preloading 0 native plugins for Editor in 0.00 ms.
Mono: successfully reloaded assembly
- Completed reload, in  1.410 seconds
Platform modules already initialized, skipping
Switching build target platform(5) subTarget(0) extendedPlatform(0) -> platform(13) subTarget(537395200) extendedPlatform(0)
Refreshing native plugins compatible for Editor in 0.45 ms, found 1 plugins.
Preloading 0 native plugins for Editor in 0.00 ms.
Unloading 1846 Unused Serialized files (Serialized files now loaded: 0)
System memory in use before: 92.4 MB.
System memory in use after: 92.5 MB.

Unloading 10 unused Assets to reduce memory usage. Loaded Objects now: 2412.
Total: 2.336500 ms (FindLiveObjects: 0.186600 ms CreateObjectMapping: 0.070900 ms MarkObjects: 2.039600 ms  DeleteObjects: 0.038100 ms)

AssetImportParameters requested are different than current active one (requested -> active):
  custom:graphics/normal-map-encoding: 01000000000000000000000000000000 -> 02000000000000000000000000000000
========================================================================
Received Prepare
Registering precompiled user dll's ...
Registered in 0.003809 seconds.
Begin MonoManager ReloadAssembly
Native extension for WindowsStandalone target not found
Refreshing native plugins compatible for Editor in 0.41 ms, found 1 plugins.
Preloading 0 native plugins for Editor in 0.00 ms.
Mono: successfully reloaded assembly
- Completed reload, in  1.418 seconds
Platform modules already initialized, skipping
Switching build target platform(5) subTarget(0) extendedPlatform(0) -> platform(13) subTarget(537395200) extendedPlatform(0)
Refreshing native plugins compatible for Editor in 0.35 ms, found 1 plugins.
Preloading 0 native plugins for Editor in 0.00 ms.
Unloading 1846 Unused Serialized files (Serialized files now loaded: 0)
System memory in use before: 92.4 MB.
System memory in use after: 92.5 MB.

Unloading 10 unused Assets to reduce memory usage. Loaded Objects now: 2415.
Total: 2.574100 ms (FindLiveObjects: 0.383600 ms CreateObjectMapping: 0.069100 ms MarkObjects: 2.076700 ms  DeleteObjects: 0.043700 ms)

AssetImportParameters requested are different than current active one (requested -> active):
  custom:graphics/normal-map-encoding: 01000000000000000000000000000000 -> 02000000000000000000000000000000
========================================================================
Received Prepare
Registering precompiled user dll's ...
Registered in 0.002471 seconds.
Begin MonoManager ReloadAssembly
Native extension for WindowsStandalone target not found
Refreshing native plugins compatible for Editor in 0.40 ms, found 1 plugins.
Preloading 0 native plugins for Editor in 0.00 ms.
Mono: successfully reloaded assembly
- Completed reload, in  1.379 seconds
Platform modules already initialized, skipping
Switching build target platform(5) subTarget(0) extendedPlatform(0) -> platform(13) subTarget(537395200) extendedPlatform(0)
Refreshing native plugins compatible for Editor in 0.39 ms, found 1 plugins.
Preloading 0 native plugins for Editor in 0.00 ms.
Unloading 1846 Unused Serialized files (Serialized files now loaded: 0)
System memory in use before: 92.4 MB.
System memory in use after: 92.5 MB.

Unloading 10 unused Assets to reduce memory usage. Loaded Objects now: 2418.
Total: 2.170800 ms (FindLiveObjects: 0.184000 ms CreateObjectMapping: 0.073300 ms MarkObjects: 1.894400 ms  DeleteObjects: 0.017800 ms)

AssetImportParameters requested are different than current active one (requested -> active):
  custom:graphics/normal-map-encoding: 01000000000000000000000000000000 -> 02000000000000000000000000000000
========================================================================
Received Prepare
Registering precompiled user dll's ...
Registered in 0.004098 seconds.
Begin MonoManager ReloadAssembly
Native extension for WindowsStandalone target not found
Refreshing native plugins compatible for Editor in 0.46 ms, found 1 plugins.
Preloading 0 native plugins for Editor in 0.00 ms.
Mono: successfully reloaded assembly
- Completed reload, in  1.493 seconds
Platform modules already initialized, skipping
Switching build target platform(5) subTarget(0) extendedPlatform(0) -> platform(13) subTarget(537395200) extendedPlatform(0)
Refreshing native plugins compatible for Editor in 0.34 ms, found 1 plugins.
Preloading 0 native plugins for Editor in 0.00 ms.
Unloading 1846 Unused Serialized files (Serialized files now loaded: 0)
System memory in use before: 92.4 MB.
System memory in use after: 92.5 MB.

Unloading 10 unused Assets to reduce memory usage. Loaded Objects now: 2421.
Total: 6.894400 ms (FindLiveObjects: 0.468100 ms CreateObjectMapping: 0.228700 ms MarkObjects: 6.142700 ms  DeleteObjects: 0.051600 ms)

AssetImportParameters requested are different than current active one (requested -> active):
  custom:graphics/normal-map-encoding: 01000000000000000000000000000000 -> 02000000000000000000000000000000
========================================================================
Received Prepare
Registering precompiled user dll's ...
Registered in 0.003788 seconds.
Begin MonoManager ReloadAssembly
Native extension for WindowsStandalone target not found
Refreshing native plugins compatible for Editor in 0.57 ms, found 1 plugins.
Preloading 0 native plugins for Editor in 0.00 ms.
Mono: successfully reloaded assembly
- Completed reload, in  1.546 seconds
Platform modules already initialized, skipping
Switching build target platform(5) subTarget(0) extendedPlatform(0) -> platform(13) subTarget(537395200) extendedPlatform(0)
Refreshing native plugins compatible for Editor in 0.42 ms, found 1 plugins.
Preloading 0 native plugins for Editor in 0.00 ms.
Unloading 1846 Unused Serialized files (Serialized files now loaded: 0)
System memory in use before: 92.4 MB.
System memory in use after: 92.5 MB.

Unloading 10 unused Assets to reduce memory usage. Loaded Objects now: 2424.
Total: 2.701900 ms (FindLiveObjects: 0.224600 ms CreateObjectMapping: 0.071300 ms MarkObjects: 2.352700 ms  DeleteObjects: 0.052200 ms)

AssetImportParameters requested are different than current active one (requested -> active):
  custom:graphics/normal-map-encoding: 01000000000000000000000000000000 -> 02000000000000000000000000000000
========================================================================
Received Prepare
Registering precompiled user dll's ...
Registered in 0.003862 seconds.
Begin MonoManager ReloadAssembly
Native extension for WindowsStandalone target not found
Refreshing native plugins compatible for Editor in 0.50 ms, found 1 plugins.
Preloading 0 native plugins for Editor in 0.00 ms.
Mono: successfully reloaded assembly
- Completed reload, in  1.409 seconds
Platform modules already initialized, skipping
Switching build target platform(5) subTarget(0) extendedPlatform(0) -> platform(13) subTarget(537395200) extendedPlatform(0)
Refreshing native plugins compatible for Editor in 0.39 ms, found 1 plugins.
Preloading 0 native plugins for Editor in 0.00 ms.
Unloading 1846 Unused Serialized files (Serialized files now loaded: 0)
System memory in use before: 92.4 MB.
System memory in use after: 92.5 MB.

Unloading 10 unused Assets to reduce memory usage. Loaded Objects now: 2427.
Total: 2.270600 ms (FindLiveObjects: 0.184200 ms CreateObjectMapping: 0.093400 ms MarkObjects: 1.953700 ms  DeleteObjects: 0.038100 ms)

AssetImportParameters requested are different than current active one (requested -> active):
  custom:graphics/normal-map-encoding: 01000000000000000000000000000000 -> 02000000000000000000000000000000
========================================================================
Received Prepare
Registering precompiled user dll's ...
Registered in 0.002371 seconds.
Begin MonoManager ReloadAssembly
Native extension for WindowsStandalone target not found
Refreshing native plugins compatible for Editor in 0.44 ms, found 1 plugins.
Preloading 0 native plugins for Editor in 0.00 ms.
Mono: successfully reloaded assembly
- Completed reload, in  1.507 seconds
Platform modules already initialized, skipping
Switching build target platform(5) subTarget(0) extendedPlatform(0) -> platform(13) subTarget(537395200) extendedPlatform(0)
Refreshing native plugins compatible for Editor in 0.39 ms, found 1 plugins.
Preloading 0 native plugins for Editor in 0.00 ms.
Unloading 1846 Unused Serialized files (Serialized files now loaded: 0)
System memory in use before: 92.4 MB.
System memory in use after: 92.5 MB.

Unloading 10 unused Assets to reduce memory usage. Loaded Objects now: 2430.
Total: 2.494700 ms (FindLiveObjects: 0.211200 ms CreateObjectMapping: 0.059000 ms MarkObjects: 2.207900 ms  DeleteObjects: 0.015600 ms)

AssetImportParameters requested are different than current active one (requested -> active):
  custom:graphics/normal-map-encoding: 01000000000000000000000000000000 -> 02000000000000000000000000000000
========================================================================
Received Import Request.
  Time since last request: 995.251468 seconds.
  path: Assets/Resources/Prefab/SkillBullet.prefab
  artifactKey: Guid(4b0442625a22cb04484ae7df6d700ede) Importer(815301076,1909f56bfc062723c751e8b465ee728b)
Start importing Assets/Resources/Prefab/SkillBullet.prefab using Guid(4b0442625a22cb04484ae7df6d700ede) Importer(815301076,1909f56bfc062723c751e8b465ee728b)  -> (artifact id: 'a5a6d5412dedc0c30a9a07dc4a0bc012') in 0.090608 seconds
  Import took 0.096033 seconds .

========================================================================
Received Import Request.
  Time since last request: 13.004457 seconds.
  path: Assets/Resources/Prefab/TrashMob.prefab
  artifactKey: Guid(758404775d79eab449d3f49540db7393) Importer(815301076,1909f56bfc062723c751e8b465ee728b)
Start importing Assets/Resources/Prefab/TrashMob.prefab using Guid(758404775d79eab449d3f49540db7393) Importer(815301076,1909f56bfc062723c751e8b465ee728b)  -> (artifact id: '8d4cdc51b2600e79c38b2a33296689de') in 0.031850 seconds
  Import took 0.037338 seconds .

========================================================================
Received Import Request.
  Time since last request: 15.364604 seconds.
  path: Assets/Resources/Prefab/TrashMob.prefab
  artifactKey: Guid(758404775d79eab449d3f49540db7393) Importer(815301076,1909f56bfc062723c751e8b465ee728b)
Start importing Assets/Resources/Prefab/TrashMob.prefab using Guid(758404775d79eab449d3f49540db7393) Importer(815301076,1909f56bfc062723c751e8b465ee728b)  -> (artifact id: '1dceabb1c46c783b8c68fb716a48a27f') in 0.022305 seconds
  Import took 0.029592 seconds .

========================================================================
Received Prepare
Registering precompiled user dll's ...
Registered in 0.002686 seconds.
Begin MonoManager ReloadAssembly
Native extension for WindowsStandalone target not found
Refreshing native plugins compatible for Editor in 0.39 ms, found 1 plugins.
Preloading 0 native plugins for Editor in 0.00 ms.
Mono: successfully reloaded assembly
- Completed reload, in  1.645 seconds
Platform modules already initialized, skipping
Switching build target platform(5) subTarget(0) extendedPlatform(0) -> platform(13) subTarget(537395200) extendedPlatform(0)
Refreshing native plugins compatible for Editor in 0.40 ms, found 1 plugins.
Preloading 0 native plugins for Editor in 0.00 ms.
Unloading 1846 Unused Serialized files (Serialized files now loaded: 0)
System memory in use before: 92.5 MB.
System memory in use after: 92.6 MB.

Unloading 10 unused Assets to reduce memory usage. Loaded Objects now: 2434.
Total: 2.236000 ms (FindLiveObjects: 0.191400 ms CreateObjectMapping: 0.077400 ms MarkObjects: 1.943000 ms  DeleteObjects: 0.023200 ms)

AssetImportParameters requested are different than current active one (requested -> active):
  custom:graphics/normal-map-encoding: 01000000000000000000000000000000 -> 02000000000000000000000000000000
========================================================================
Received Prepare
Refreshing native plugins compatible for Editor in 2.83 ms, found 1 plugins.
Preloading 0 native plugins for Editor in 0.00 ms.
Unloading 8 Unused Serialized files (Serialized files now loaded: 0)
System memory in use before: 56.4 MB.
System memory in use after: 56.5 MB.

Unloading 7 unused Assets to reduce memory usage. Loaded Objects now: 2434.
Total: 3.646600 ms (FindLiveObjects: 0.519900 ms CreateObjectMapping: 0.176900 ms MarkObjects: 2.924800 ms  DeleteObjects: 0.021900 ms)

========================================================================
Received Prepare
Refreshing native plugins compatible for Editor in 3.13 ms, found 1 plugins.
Preloading 0 native plugins for Editor in 0.00 ms.
Unloading 8 Unused Serialized files (Serialized files now loaded: 0)
System memory in use before: 56.4 MB.
System memory in use after: 56.5 MB.

Unloading 7 unused Assets to reduce memory usage. Loaded Objects now: 2434.
Total: 5.284700 ms (FindLiveObjects: 0.914300 ms CreateObjectMapping: 0.312400 ms MarkObjects: 4.030600 ms  DeleteObjects: 0.025400 ms)

AssetImportWorkerClient::OnTransportError - code=2 error=End of file
